<?xml version="1.0" encoding="UTF-8"?>
<coverage generated="1759451213862" clover="3.2.0">
  <project timestamp="1759451213863" name="All files">
    <metrics statements="44" coveredstatements="44" conditionals="27" coveredconditionals="27" methods="4" coveredmethods="4" elements="75" coveredelements="75" complexity="0" loc="44" ncloc="44" packages="1" files="1" classes="1"/>
    <file name="MinimaxLogic.js" path="C:\Users\loyol\OneDrive\Escritorio\Carrera\Primer Año\Segundo Cuatrimestre\Diseños Y Arquitecturas De Despliegues\Repos\ta-te-ti-grupo-4\test\MinimaxLogic.js">
      <metrics statements="44" coveredstatements="44" conditionals="27" coveredconditionals="27" methods="4" coveredmethods="4"/>
      <line num="2" count="1" type="stmt"/>
      <line num="3" count="1" type="stmt"/>
      <line num="11" count="167182" type="stmt"/>
      <line num="23" count="251417" type="stmt"/>
      <line num="29" count="251417" type="stmt"/>
      <line num="30" count="1727750" type="cond" truecount="5" falsecount="0"/>
      <line num="31" count="84237" type="cond" truecount="2" falsecount="0"/>
      <line num="34" count="167180" type="stmt"/>
      <line num="47" count="251382" type="stmt"/>
      <line num="50" count="251382" type="cond" truecount="4" falsecount="0"/>
      <line num="53" count="167160" type="cond" truecount="2" falsecount="0"/>
      <line num="55" count="149368" type="cond" truecount="2" falsecount="0"/>
      <line num="56" count="85274" type="stmt"/>
      <line num="57" count="85274" type="stmt"/>
      <line num="58" count="581940" type="cond" truecount="2" falsecount="0"/>
      <line num="59" count="128554" type="stmt"/>
      <line num="61" count="128554" type="stmt"/>
      <line num="62" count="128554" type="stmt"/>
      <line num="64" count="128554" type="stmt"/>
      <line num="65" count="128554" type="stmt"/>
      <line num="67" count="128554" type="cond" truecount="2" falsecount="0"/>
      <line num="70" count="85274" type="stmt"/>
      <line num="73" count="64094" type="stmt"/>
      <line num="74" count="64094" type="stmt"/>
      <line num="75" count="456571" type="cond" truecount="2" falsecount="0"/>
      <line num="76" count="122490" type="stmt"/>
      <line num="78" count="122490" type="stmt"/>
      <line num="79" count="122490" type="stmt"/>
      <line num="81" count="122490" type="stmt"/>
      <line num="82" count="122490" type="stmt"/>
      <line num="84" count="122490" type="cond" truecount="2" falsecount="0"/>
      <line num="87" count="64094" type="stmt"/>
      <line num="98" count="55" type="stmt"/>
      <line num="99" count="55" type="stmt"/>
      <line num="101" count="55" type="stmt"/>
      <line num="102" count="495" type="cond" truecount="2" falsecount="0"/>
      <line num="104" count="331" type="stmt"/>
      <line num="106" count="331" type="stmt"/>
      <line num="108" count="331" type="stmt"/>
      <line num="111" count="331" type="cond" truecount="2" falsecount="0"/>
      <line num="112" count="68" type="stmt"/>
      <line num="113" count="68" type="stmt"/>
      <line num="118" count="55" type="stmt"/>
      <line num="121" count="1" type="stmt"/>
    </file>
  </project>
</coverage>
