<?xml version="1.0" encoding="UTF-8"?>
<coverage generated="1759450385039" clover="3.2.0">
  <project timestamp="1759450385040" name="All files">
    <metrics statements="44" coveredstatements="44" conditionals="27" coveredconditionals="27" methods="4" coveredmethods="4" elements="75" coveredelements="75" complexity="0" loc="44" ncloc="44" packages="1" files="1" classes="1"/>
    <file name="MinimaxLogic.js" path="C:\Users\loyol\OneDrive\Escritorio\Carrera\Primer Año\Segundo Cuatrimestre\Diseños Y Arquitecturas De Despliegues\Repos\ta-te-ti-grupo-4\test\MinimaxLogic.js">
      <metrics statements="44" coveredstatements="44" conditionals="27" coveredconditionals="27" methods="4" coveredmethods="4"/>
      <line num="2" count="1" type="stmt"/>
      <line num="3" count="1" type="stmt"/>
      <line num="11" count="67929" type="stmt"/>
      <line num="23" count="102096" type="stmt"/>
      <line num="29" count="102096" type="stmt"/>
      <line num="30" count="701597" type="cond" truecount="5" falsecount="0"/>
      <line num="31" count="34169" type="cond" truecount="2" falsecount="0"/>
      <line num="34" count="67927" type="stmt"/>
      <line num="47" count="102062" type="stmt"/>
      <line num="50" count="102062" type="cond" truecount="4" falsecount="0"/>
      <line num="53" count="67907" type="cond" truecount="2" falsecount="0"/>
      <line num="55" count="60710" type="cond" truecount="2" falsecount="0"/>
      <line num="56" count="33560" type="stmt"/>
      <line num="57" count="33560" type="stmt"/>
      <line num="58" count="225018" type="cond" truecount="2" falsecount="0"/>
      <line num="59" count="51075" type="stmt"/>
      <line num="61" count="51075" type="stmt"/>
      <line num="62" count="51075" type="stmt"/>
      <line num="64" count="51075" type="stmt"/>
      <line num="65" count="51075" type="stmt"/>
      <line num="67" count="51075" type="cond" truecount="2" falsecount="0"/>
      <line num="70" count="33560" type="stmt"/>
      <line num="73" count="27150" type="stmt"/>
      <line num="74" count="27150" type="stmt"/>
      <line num="75" count="196544" type="cond" truecount="2" falsecount="0"/>
      <line num="76" count="50768" type="stmt"/>
      <line num="78" count="50768" type="stmt"/>
      <line num="79" count="50768" type="stmt"/>
      <line num="81" count="50768" type="stmt"/>
      <line num="82" count="50768" type="stmt"/>
      <line num="84" count="50768" type="cond" truecount="2" falsecount="0"/>
      <line num="87" count="27150" type="stmt"/>
      <line num="98" count="40" type="stmt"/>
      <line num="99" count="40" type="stmt"/>
      <line num="101" count="40" type="stmt"/>
      <line num="102" count="360" type="cond" truecount="2" falsecount="0"/>
      <line num="104" count="212" type="stmt"/>
      <line num="106" count="212" type="stmt"/>
      <line num="108" count="212" type="stmt"/>
      <line num="111" count="212" type="cond" truecount="2" falsecount="0"/>
      <line num="112" count="47" type="stmt"/>
      <line num="113" count="47" type="stmt"/>
      <line num="118" count="40" type="stmt"/>
      <line num="121" count="1" type="stmt"/>
    </file>
  </project>
</coverage>
