{"C:\\Users\\loyol\\OneDrive\\Escritorio\\Carrera\\Primer Año\\Segundo Cuatrimestre\\Diseños Y Arquitecturas De Despliegues\\Repos\\ta-te-ti-grupo-4\\test\\MinimaxLogic.js": {"path":"C:\\Users\\loyol\\OneDrive\\Escritorio\\Carrera\\Primer Año\\Segundo Cuatrimestre\\Diseños Y Arquitecturas De Despliegues\\Repos\\ta-te-ti-grupo-4\\test\\MinimaxLogic.js","statementMap":{"0":{"start":{"line":2,"column":12},"end":{"line":2,"column":13}},"1":{"start":{"line":3,"column":17},"end":{"line":3,"column":18}},"2":{"start":{"line":11,"column":2},"end":{"line":11,"column":27}},"3":{"start":{"line":23,"column":16},"end":{"line":27,"column":3}},"4":{"start":{"line":29,"column":2},"end":{"line":33,"column":3}},"5":{"start":{"line":30,"column":4},"end":{"line":32,"column":5}},"6":{"start":{"line":31,"column":6},"end":{"line":31,"column":41}},"7":{"start":{"line":34,"column":2},"end":{"line":34,"column":11}},"8":{"start":{"line":47,"column":16},"end":{"line":47,"column":31}},"9":{"start":{"line":50,"column":2},"end":{"line":50,"column":50}},"10":{"start":{"line":50,"column":37},"end":{"line":50,"column":50}},"11":{"start":{"line":53,"column":2},"end":{"line":53,"column":36}},"12":{"start":{"line":53,"column":27},"end":{"line":53,"column":36}},"13":{"start":{"line":55,"column":2},"end":{"line":88,"column":3}},"14":{"start":{"line":56,"column":18},"end":{"line":56,"column":27}},"15":{"start":{"line":57,"column":4},"end":{"line":69,"column":5}},"16":{"start":{"line":57,"column":17},"end":{"line":57,"column":18}},"17":{"start":{"line":58,"column":6},"end":{"line":68,"column":7}},"18":{"start":{"line":59,"column":8},"end":{"line":59,"column":23}},"19":{"start":{"line":61,"column":26},"end":{"line":61,"column":71}},"20":{"start":{"line":62,"column":8},"end":{"line":62,"column":21}},"21":{"start":{"line":64,"column":8},"end":{"line":64,"column":47}},"22":{"start":{"line":65,"column":8},"end":{"line":65,"column":43}},"23":{"start":{"line":67,"column":8},"end":{"line":67,"column":33}},"24":{"start":{"line":67,"column":27},"end":{"line":67,"column":33}},"25":{"start":{"line":70,"column":4},"end":{"line":70,"column":19}},"26":{"start":{"line":73,"column":18},"end":{"line":73,"column":26}},"27":{"start":{"line":74,"column":4},"end":{"line":86,"column":5}},"28":{"start":{"line":74,"column":17},"end":{"line":74,"column":18}},"29":{"start":{"line":75,"column":6},"end":{"line":85,"column":7}},"30":{"start":{"line":76,"column":8},"end":{"line":76,"column":28}},"31":{"start":{"line":78,"column":26},"end":{"line":78,"column":70}},"32":{"start":{"line":79,"column":8},"end":{"line":79,"column":21}},"33":{"start":{"line":81,"column":8},"end":{"line":81,"column":47}},"34":{"start":{"line":82,"column":8},"end":{"line":82,"column":41}},"35":{"start":{"line":84,"column":8},"end":{"line":84,"column":33}},"36":{"start":{"line":84,"column":27},"end":{"line":84,"column":33}},"37":{"start":{"line":87,"column":4},"end":{"line":87,"column":19}},"38":{"start":{"line":98,"column":16},"end":{"line":98,"column":25}},"39":{"start":{"line":99,"column":17},"end":{"line":99,"column":19}},"40":{"start":{"line":101,"column":2},"end":{"line":116,"column":3}},"41":{"start":{"line":101,"column":15},"end":{"line":101,"column":16}},"42":{"start":{"line":102,"column":4},"end":{"line":115,"column":5}},"43":{"start":{"line":104,"column":6},"end":{"line":104,"column":21}},"44":{"start":{"line":106,"column":22},"end":{"line":106,"column":67}},"45":{"start":{"line":108,"column":6},"end":{"line":108,"column":19}},"46":{"start":{"line":111,"column":6},"end":{"line":114,"column":7}},"47":{"start":{"line":112,"column":8},"end":{"line":112,"column":26}},"48":{"start":{"line":113,"column":8},"end":{"line":113,"column":21}},"49":{"start":{"line":118,"column":2},"end":{"line":118,"column":18}},"50":{"start":{"line":121,"column":0},"end":{"line":128,"column":2}}},"fnMap":{"0":{"name":"isMovesLeft","decl":{"start":{"line":10,"column":9},"end":{"line":10,"column":20}},"loc":{"start":{"line":10,"column":28},"end":{"line":12,"column":1}},"line":10},"1":{"name":"evaluate","decl":{"start":{"line":22,"column":9},"end":{"line":22,"column":17}},"loc":{"start":{"line":22,"column":25},"end":{"line":35,"column":1}},"line":22},"2":{"name":"minimax","decl":{"start":{"line":46,"column":9},"end":{"line":46,"column":16}},"loc":{"start":{"line":46,"column":51},"end":{"line":89,"column":1}},"line":46},"3":{"name":"findBestMove","decl":{"start":{"line":97,"column":9},"end":{"line":97,"column":21}},"loc":{"start":{"line":97,"column":29},"end":{"line":119,"column":1}},"line":97}},"branchMap":{"0":{"loc":{"start":{"line":30,"column":4},"end":{"line":32,"column":5}},"type":"if","locations":[{"start":{"line":30,"column":4},"end":{"line":32,"column":5}},{"start":{},"end":{}}],"line":30},"1":{"loc":{"start":{"line":30,"column":8},"end":{"line":30,"column":72}},"type":"binary-expr","locations":[{"start":{"line":30,"column":8},"end":{"line":30,"column":22}},{"start":{"line":30,"column":26},"end":{"line":30,"column":47}},{"start":{"line":30,"column":51},"end":{"line":30,"column":72}}],"line":30},"2":{"loc":{"start":{"line":31,"column":13},"end":{"line":31,"column":40}},"type":"cond-expr","locations":[{"start":{"line":31,"column":32},"end":{"line":31,"column":34}},{"start":{"line":31,"column":37},"end":{"line":31,"column":40}}],"line":31},"3":{"loc":{"start":{"line":50,"column":2},"end":{"line":50,"column":50}},"type":"if","locations":[{"start":{"line":50,"column":2},"end":{"line":50,"column":50}},{"start":{},"end":{}}],"line":50},"4":{"loc":{"start":{"line":50,"column":6},"end":{"line":50,"column":35}},"type":"binary-expr","locations":[{"start":{"line":50,"column":6},"end":{"line":50,"column":18}},{"start":{"line":50,"column":22},"end":{"line":50,"column":35}}],"line":50},"5":{"loc":{"start":{"line":53,"column":2},"end":{"line":53,"column":36}},"type":"if","locations":[{"start":{"line":53,"column":2},"end":{"line":53,"column":36}},{"start":{},"end":{}}],"line":53},"6":{"loc":{"start":{"line":55,"column":2},"end":{"line":88,"column":3}},"type":"if","locations":[{"start":{"line":55,"column":2},"end":{"line":88,"column":3}},{"start":{"line":72,"column":9},"end":{"line":88,"column":3}}],"line":55},"7":{"loc":{"start":{"line":58,"column":6},"end":{"line":68,"column":7}},"type":"if","locations":[{"start":{"line":58,"column":6},"end":{"line":68,"column":7}},{"start":{},"end":{}}],"line":58},"8":{"loc":{"start":{"line":67,"column":8},"end":{"line":67,"column":33}},"type":"if","locations":[{"start":{"line":67,"column":8},"end":{"line":67,"column":33}},{"start":{},"end":{}}],"line":67},"9":{"loc":{"start":{"line":75,"column":6},"end":{"line":85,"column":7}},"type":"if","locations":[{"start":{"line":75,"column":6},"end":{"line":85,"column":7}},{"start":{},"end":{}}],"line":75},"10":{"loc":{"start":{"line":84,"column":8},"end":{"line":84,"column":33}},"type":"if","locations":[{"start":{"line":84,"column":8},"end":{"line":84,"column":33}},{"start":{},"end":{}}],"line":84},"11":{"loc":{"start":{"line":102,"column":4},"end":{"line":115,"column":5}},"type":"if","locations":[{"start":{"line":102,"column":4},"end":{"line":115,"column":5}},{"start":{},"end":{}}],"line":102},"12":{"loc":{"start":{"line":111,"column":6},"end":{"line":114,"column":7}},"type":"if","locations":[{"start":{"line":111,"column":6},"end":{"line":114,"column":7}},{"start":{},"end":{}}],"line":111}},"s":{"0":1,"1":1,"2":67929,"3":102096,"4":102096,"5":701597,"6":34169,"7":67927,"8":102062,"9":102062,"10":34155,"11":67907,"12":7197,"13":60710,"14":33560,"15":33560,"16":33560,"17":225018,"18":51075,"19":51075,"20":51075,"21":51075,"22":51075,"23":51075,"24":25992,"25":33560,"26":27150,"27":27150,"28":27150,"29":196544,"30":50768,"31":50768,"32":50768,"33":50768,"34":50768,"35":50768,"36":17195,"37":27150,"38":40,"39":40,"40":40,"41":40,"42":360,"43":212,"44":212,"45":212,"46":212,"47":47,"48":47,"49":40,"50":1},"f":{"0":67929,"1":102096,"2":102062,"3":40},"b":{"0":[34169,667428],"1":[701597,614964,234800],"2":[18850,15319],"3":[34155,67907],"4":[102062,83222],"5":[7197,60710],"6":[33560,27150],"7":[51075,173943],"8":[25992,25083],"9":[50768,145776],"10":[17195,33573],"11":[212,148],"12":[47,165]},"_coverageSchema":"1a1c01bbd47fc00a2c39e90264f33305004495a9","hash":"58a590db33192e5d0587866891d387b038dc1e55"}
}
