TN:
SF:test\MinimaxLogic.js
FN:10,isMovesLeft
FN:22,evaluate
FN:46,minimax
FN:97,findBestMove
FNF:4
FNH:4
FNDA:167182,isMovesLeft
FNDA:251417,evaluate
FNDA:251382,minimax
FNDA:55,findBestMove
DA:2,1
DA:3,1
DA:11,167182
DA:23,251417
DA:29,251417
DA:30,1727750
DA:31,84237
DA:34,167180
DA:47,251382
DA:50,251382
DA:53,167160
DA:55,149368
DA:56,85274
DA:57,85274
DA:58,581940
DA:59,128554
DA:61,128554
DA:62,128554
DA:64,128554
DA:65,128554
DA:67,128554
DA:70,85274
DA:73,64094
DA:74,64094
DA:75,456571
DA:76,122490
DA:78,122490
DA:79,122490
DA:81,122490
DA:82,122490
DA:84,122490
DA:87,64094
DA:98,55
DA:99,55
DA:101,55
DA:102,495
DA:104,331
DA:106,331
DA:108,331
DA:111,331
DA:112,68
DA:113,68
DA:118,55
DA:121,1
LF:44
LH:44
BRDA:30,0,0,84237
BRDA:30,0,1,1643513
BRDA:30,1,0,1727750
BRDA:30,1,1,1515936
BRDA:30,1,2,574882
BRDA:31,2,0,48910
BRDA:31,2,1,35327
BRDA:50,3,0,84222
BRDA:50,3,1,167160
BRDA:50,4,0,251382
BRDA:50,4,1,202483
BRDA:53,5,0,17792
BRDA:53,5,1,149368
BRDA:55,6,0,85274
BRDA:55,6,1,64094
BRDA:58,7,0,128554
BRDA:58,7,1,453386
BRDA:67,8,0,65400
BRDA:67,8,1,63154
BRDA:75,9,0,122490
BRDA:75,9,1,334081
BRDA:84,10,0,42791
BRDA:84,10,1,79699
BRDA:102,11,0,331
BRDA:102,11,1,164
BRDA:111,12,0,68
BRDA:111,12,1,263
BRF:27
BRH:27
end_of_record
