TN:
SF:test\MinimaxLogic.js
FN:10,isMovesLeft
FN:22,evaluate
FN:46,minimax
FN:97,findBestMove
FNF:4
FNH:4
FNDA:67929,isMovesLeft
FNDA:102096,evaluate
FNDA:102062,minimax
FNDA:40,findBestMove
DA:2,1
DA:3,1
DA:11,67929
DA:23,102096
DA:29,102096
DA:30,701597
DA:31,34169
DA:34,67927
DA:47,102062
DA:50,102062
DA:53,67907
DA:55,60710
DA:56,33560
DA:57,33560
DA:58,225018
DA:59,51075
DA:61,51075
DA:62,51075
DA:64,51075
DA:65,51075
DA:67,51075
DA:70,33560
DA:73,27150
DA:74,27150
DA:75,196544
DA:76,50768
DA:78,50768
DA:79,50768
DA:81,50768
DA:82,50768
DA:84,50768
DA:87,27150
DA:98,40
DA:99,40
DA:101,40
DA:102,360
DA:104,212
DA:106,212
DA:108,212
DA:111,212
DA:112,47
DA:113,47
DA:118,40
DA:121,1
LF:44
LH:44
BRDA:30,0,0,34169
BRDA:30,0,1,667428
BRDA:30,1,0,701597
BRDA:30,1,1,614964
BRDA:30,1,2,234800
BRDA:31,2,0,18850
BRDA:31,2,1,15319
BRDA:50,3,0,34155
BRDA:50,3,1,67907
BRDA:50,4,0,102062
BRDA:50,4,1,83222
BRDA:53,5,0,7197
BRDA:53,5,1,60710
BRDA:55,6,0,33560
BRDA:55,6,1,27150
BRDA:58,7,0,51075
BRDA:58,7,1,173943
BRDA:67,8,0,25992
BRDA:67,8,1,25083
BRDA:75,9,0,50768
BRDA:75,9,1,145776
BRDA:84,10,0,17195
BRDA:84,10,1,33573
BRDA:102,11,0,212
BRDA:102,11,1,148
BRDA:111,12,0,47
BRDA:111,12,1,165
BRF:27
BRH:27
end_of_record
